::1 - - [Fri, 15 Dec 2017 14:50:30 GMT] "GET /api/user/login HTTP/1.1" 404 27 "-" "Mozilla/5.0 (Macintosh; Intel Mac OS X 10_13_2) AppleWebKit/537.36 (KHTML, like Gecko) Chrome/63.0.3239.84 Safari/537.36"
::1 - - [Fri, 15 Dec 2017 14:52:57 GMT] "GET /api/getUserInfo HTTP/1.1" 200 36 "-" "Mozilla/5.0 (Macintosh; Intel Mac OS X 10_13_2) AppleWebKit/537.36 (KHTML, like Gecko) Chrome/63.0.3239.84 Safari/537.36"
::1 - - [Fri, 15 Dec 2017 15:03:08 GMT] "OPTIONS /api/user/login HTTP/1.1" 200 8 "-" "Mozilla/5.0 (Macintosh; Intel Mac OS X 10_13_2) AppleWebKit/537.36 (KHTML, like Gecko) Chrome/63.0.3239.84 Safari/537.36"
::1 - - [Fri, 15 Dec 2017 15:03:27 GMT] "OPTIONS /api/user/login HTTP/1.1" 200 8 "-" "Mozilla/5.0 (Macintosh; Intel Mac OS X 10_13_2) AppleWebKit/537.36 (KHTML, like Gecko) Chrome/63.0.3239.84 Safari/537.36"
::1 - - [Fri, 15 Dec 2017 15:04:12 GMT] "OPTIONS /api/user/login HTTP/1.1" 200 8 "-" "Mozilla/5.0 (Macintosh; Intel Mac OS X 10_13_2) AppleWebKit/537.36 (KHTML, like Gecko) Chrome/63.0.3239.84 Safari/537.36"
::1 - - [Fri, 15 Dec 2017 15:04:57 GMT] "OPTIONS /api/user/login HTTP/1.1" 200 8 "-" "Mozilla/5.0 (Macintosh; Intel Mac OS X 10_13_2) AppleWebKit/537.36 (KHTML, like Gecko) Chrome/63.0.3239.84 Safari/537.36"
::1 - - [Fri, 15 Dec 2017 15:05:30 GMT] "OPTIONS /api/user/login HTTP/1.1" 200 13 "-" "Mozilla/5.0 (Macintosh; Intel Mac OS X 10_13_2) AppleWebKit/537.36 (KHTML, like Gecko) Chrome/63.0.3239.84 Safari/537.36"
::1 - - [Fri, 15 Dec 2017 15:06:18 GMT] "OPTIONS /api/user/login HTTP/1.1" 200 13 "-" "Mozilla/5.0 (Macintosh; Intel Mac OS X 10_13_2) AppleWebKit/537.36 (KHTML, like Gecko) Chrome/63.0.3239.84 Safari/537.36"
::1 - - [Fri, 15 Dec 2017 15:07:07 GMT] "OPTIONS /api/user/login HTTP/1.1" 200 13 "-" "Mozilla/5.0 (Macintosh; Intel Mac OS X 10_13_2) AppleWebKit/537.36 (KHTML, like Gecko) Chrome/63.0.3239.84 Safari/537.36"
::1 - - [Fri, 15 Dec 2017 15:08:01 GMT] "OPTIONS /api/user/login HTTP/1.1" 200 13 "-" "Mozilla/5.0 (Macintosh; Intel Mac OS X 10_13_2) AppleWebKit/537.36 (KHTML, like Gecko) Chrome/63.0.3239.84 Safari/537.36"
::1 - - [Fri, 15 Dec 2017 15:09:02 GMT] "GET /api/getUserInfo HTTP/1.1" 200 36 "-" "Mozilla/5.0 (Macintosh; Intel Mac OS X 10_13_2) AppleWebKit/537.36 (KHTML, like Gecko) Chrome/63.0.3239.84 Safari/537.36"
::1 - - [Fri, 15 Dec 2017 15:09:48 GMT] "OPTIONS /api/user/login HTTP/1.1" 200 13 "-" "Mozilla/5.0 (Macintosh; Intel Mac OS X 10_13_2) AppleWebKit/537.36 (KHTML, like Gecko) Chrome/63.0.3239.84 Safari/537.36"
::1 - - [Fri, 15 Dec 2017 15:12:14 GMT] "OPTIONS /api/user/login HTTP/1.1" 200 13 "-" "Mozilla/5.0 (Macintosh; Intel Mac OS X 10_13_2) AppleWebKit/537.36 (KHTML, like Gecko) Chrome/63.0.3239.84 Safari/537.36"
::1 - - [Fri, 15 Dec 2017 15:18:06 GMT] "OPTIONS /api/user/login HTTP/1.1" 200 13 "-" "Mozilla/5.0 (Macintosh; Intel Mac OS X 10_13_2) AppleWebKit/537.36 (KHTML, like Gecko) Chrome/63.0.3239.84 Safari/537.36"
::1 - - [Fri, 15 Dec 2017 15:18:26 GMT] "OPTIONS /api/user/login HTTP/1.1" 200 13 "-" "Mozilla/5.0 (Macintosh; Intel Mac OS X 10_13_2) AppleWebKit/537.36 (KHTML, like Gecko) Chrome/63.0.3239.84 Safari/537.36"
::1 - - [Fri, 15 Dec 2017 15:24:56 GMT] "OPTIONS /api/user/login HTTP/1.1" 200 13 "-" "Mozilla/5.0 (Macintosh; Intel Mac OS X 10_13_2) AppleWebKit/537.36 (KHTML, like Gecko) Chrome/63.0.3239.84 Safari/537.36"
::1 - - [Fri, 15 Dec 2017 15:25:04 GMT] "OPTIONS /api/user/login HTTP/1.1" 200 13 "-" "Mozilla/5.0 (Macintosh; Intel Mac OS X 10_13_2) AppleWebKit/537.36 (KHTML, like Gecko) Chrome/63.0.3239.84 Safari/537.36"
::1 - - [Fri, 15 Dec 2017 15:29:00 GMT] "OPTIONS /api/user/login HTTP/1.1" 200 13 "-" "Mozilla/5.0 (Macintosh; Intel Mac OS X 10_13_2) AppleWebKit/537.36 (KHTML, like Gecko) Chrome/63.0.3239.84 Safari/537.36"
::1 - - [Fri, 15 Dec 2017 15:30:30 GMT] "OPTIONS /api/user/login HTTP/1.1" 200 13 "-" "Mozilla/5.0 (Macintosh; Intel Mac OS X 10_13_2) AppleWebKit/537.36 (KHTML, like Gecko) Chrome/63.0.3239.84 Safari/537.36"
::1 - - [Fri, 15 Dec 2017 15:33:15 GMT] "OPTIONS /api/user/login HTTP/1.1" 200 13 "-" "Mozilla/5.0 (Macintosh; Intel Mac OS X 10_13_2) AppleWebKit/537.36 (KHTML, like Gecko) Chrome/63.0.3239.84 Safari/537.36"
::1 - - [Fri, 15 Dec 2017 15:34:38 GMT] "OPTIONS /api/user/login HTTP/1.1" 200 13 "-" "Mozilla/5.0 (Macintosh; Intel Mac OS X 10_13_2) AppleWebKit/537.36 (KHTML, like Gecko) Chrome/63.0.3239.84 Safari/537.36"
::1 - - [Fri, 15 Dec 2017 15:38:23 GMT] "OPTIONS /api/user/login HTTP/1.1" 200 13 "-" "Mozilla/5.0 (Macintosh; Intel Mac OS X 10_13_2) AppleWebKit/537.36 (KHTML, like Gecko) Chrome/63.0.3239.84 Safari/537.36"
::1 - - [Fri, 15 Dec 2017 15:39:22 GMT] "OPTIONS /api/user/login HTTP/1.1" 200 13 "-" "Mozilla/5.0 (Macintosh; Intel Mac OS X 10_13_2) AppleWebKit/537.36 (KHTML, like Gecko) Chrome/63.0.3239.84 Safari/537.36"
::1 - - [Fri, 15 Dec 2017 15:39:27 GMT] "POST /api/user/login HTTP/1.1" 500 1338 "http://localhost:8089/" "Mozilla/5.0 (Macintosh; Intel Mac OS X 10_13_2) AppleWebKit/537.36 (KHTML, like Gecko) Chrome/63.0.3239.84 Safari/537.36"
::1 - - [Fri, 15 Dec 2017 15:41:23 GMT] "OPTIONS /api/user/login HTTP/1.1" 200 13 "-" "Mozilla/5.0 (Macintosh; Intel Mac OS X 10_13_2) AppleWebKit/537.36 (KHTML, like Gecko) Chrome/63.0.3239.84 Safari/537.36"
::1 - - [Fri, 15 Dec 2017 15:46:26 GMT] "POST /api/user/login HTTP/1.1" 500 1338 "http://localhost:8089/" "Mozilla/5.0 (Macintosh; Intel Mac OS X 10_13_2) AppleWebKit/537.36 (KHTML, like Gecko) Chrome/63.0.3239.84 Safari/537.36"
::1 - - [Fri, 15 Dec 2017 15:46:27 GMT] "OPTIONS /api/user/login HTTP/1.1" 200 13 "-" "Mozilla/5.0 (Macintosh; Intel Mac OS X 10_13_2) AppleWebKit/537.36 (KHTML, like Gecko) Chrome/63.0.3239.84 Safari/537.36"
::1 - - [Fri, 15 Dec 2017 15:46:43 GMT] "POST /api/user/login HTTP/1.1" 500 1338 "http://localhost:8089/" "Mozilla/5.0 (Macintosh; Intel Mac OS X 10_13_2) AppleWebKit/537.36 (KHTML, like Gecko) Chrome/63.0.3239.84 Safari/537.36"
::1 - - [Fri, 15 Dec 2017 15:47:55 GMT] "OPTIONS /api/user/login HTTP/1.1" 200 13 "-" "Mozilla/5.0 (Macintosh; Intel Mac OS X 10_13_2) AppleWebKit/537.36 (KHTML, like Gecko) Chrome/63.0.3239.84 Safari/537.36"
::1 - - [Fri, 15 Dec 2017 15:50:28 GMT] "OPTIONS /api/user/login HTTP/1.1" 200 13 "-" "Mozilla/5.0 (Macintosh; Intel Mac OS X 10_13_2) AppleWebKit/537.36 (KHTML, like Gecko) Chrome/63.0.3239.84 Safari/537.36"
::1 - - [Fri, 15 Dec 2017 15:54:37 GMT] "OPTIONS /api/user/login HTTP/1.1" 200 13 "-" "Mozilla/5.0 (Macintosh; Intel Mac OS X 10_13_2) AppleWebKit/537.36 (KHTML, like Gecko) Chrome/63.0.3239.84 Safari/537.36"
::1 - - [Fri, 15 Dec 2017 15:54:41 GMT] "POST /api/user/login HTTP/1.1" 500 1357 "http://localhost:8089/" "Mozilla/5.0 (Macintosh; Intel Mac OS X 10_13_2) AppleWebKit/537.36 (KHTML, like Gecko) Chrome/63.0.3239.84 Safari/537.36"
::1 - - [Fri, 15 Dec 2017 15:54:55 GMT] "OPTIONS /api/user/login HTTP/1.1" 200 13 "-" "Mozilla/5.0 (Macintosh; Intel Mac OS X 10_13_2) AppleWebKit/537.36 (KHTML, like Gecko) Chrome/63.0.3239.84 Safari/537.36"
::1 - - [Fri, 15 Dec 2017 15:55:57 GMT] "OPTIONS /api/user/login HTTP/1.1" 200 13 "-" "Mozilla/5.0 (Macintosh; Intel Mac OS X 10_13_2) AppleWebKit/537.36 (KHTML, like Gecko) Chrome/63.0.3239.84 Safari/537.36"
::1 - - [Fri, 15 Dec 2017 15:56:35 GMT] "POST /api/user/login HTTP/1.1" - - "http://localhost:8089/" "Mozilla/5.0 (Macintosh; Intel Mac OS X 10_13_2) AppleWebKit/537.36 (KHTML, like Gecko) Chrome/63.0.3239.84 Safari/537.36"
::1 - - [Fri, 15 Dec 2017 15:56:38 GMT] "OPTIONS /api/user/login HTTP/1.1" 200 13 "-" "Mozilla/5.0 (Macintosh; Intel Mac OS X 10_13_2) AppleWebKit/537.36 (KHTML, like Gecko) Chrome/63.0.3239.84 Safari/537.36"
::1 - - [Fri, 15 Dec 2017 15:59:05 GMT] "POST /api/user/login HTTP/1.1" - - "http://localhost:8089/" "Mozilla/5.0 (Macintosh; Intel Mac OS X 10_13_2) AppleWebKit/537.36 (KHTML, like Gecko) Chrome/63.0.3239.84 Safari/537.36"
::1 - - [Fri, 15 Dec 2017 15:59:07 GMT] "OPTIONS /api/user/login HTTP/1.1" 200 13 "-" "Mozilla/5.0 (Macintosh; Intel Mac OS X 10_13_2) AppleWebKit/537.36 (KHTML, like Gecko) Chrome/63.0.3239.84 Safari/537.36"
::1 - - [Fri, 15 Dec 2017 16:00:24 GMT] "OPTIONS /api/user/login HTTP/1.1" 200 13 "-" "Mozilla/5.0 (Macintosh; Intel Mac OS X 10_13_2) AppleWebKit/537.36 (KHTML, like Gecko) Chrome/63.0.3239.84 Safari/537.36"
::1 - - [Fri, 15 Dec 2017 16:01:49 GMT] "POST /api/user/login HTTP/1.1" 200 - "http://localhost:8089/" "Mozilla/5.0 (Macintosh; Intel Mac OS X 10_13_2) AppleWebKit/537.36 (KHTML, like Gecko) Chrome/63.0.3239.84 Safari/537.36"
::1 - - [Fri, 15 Dec 2017 16:12:16 GMT] "OPTIONS /api/user/login HTTP/1.1" 200 13 "-" "Mozilla/5.0 (Macintosh; Intel Mac OS X 10_13_2) AppleWebKit/537.36 (KHTML, like Gecko) Chrome/63.0.3239.84 Safari/537.36"
::1 - - [Fri, 15 Dec 2017 16:12:24 GMT] "POST /api/user/login HTTP/1.1" 200 - "http://localhost:8089/" "Mozilla/5.0 (Macintosh; Intel Mac OS X 10_13_2) AppleWebKit/537.36 (KHTML, like Gecko) Chrome/63.0.3239.84 Safari/537.36"
::1 - - [Fri, 15 Dec 2017 16:13:43 GMT] "OPTIONS /api/user/login HTTP/1.1" 200 13 "-" "Mozilla/5.0 (Macintosh; Intel Mac OS X 10_13_2) AppleWebKit/537.36 (KHTML, like Gecko) Chrome/63.0.3239.84 Safari/537.36"
::1 - - [Fri, 15 Dec 2017 16:13:43 GMT] "POST /api/user/login HTTP/1.1" 200 - "http://localhost:8089/" "Mozilla/5.0 (Macintosh; Intel Mac OS X 10_13_2) AppleWebKit/537.36 (KHTML, like Gecko) Chrome/63.0.3239.84 Safari/537.36"
::1 - - [Fri, 15 Dec 2017 16:18:14 GMT] "OPTIONS /api/user/login HTTP/1.1" 200 13 "-" "Mozilla/5.0 (Macintosh; Intel Mac OS X 10_13_2) AppleWebKit/537.36 (KHTML, like Gecko) Chrome/63.0.3239.84 Safari/537.36"
::1 - - [Fri, 15 Dec 2017 16:18:14 GMT] "POST /api/user/login HTTP/1.1" 200 - "http://localhost:8089/" "Mozilla/5.0 (Macintosh; Intel Mac OS X 10_13_2) AppleWebKit/537.36 (KHTML, like Gecko) Chrome/63.0.3239.84 Safari/537.36"
::1 - - [Fri, 15 Dec 2017 16:18:43 GMT] "OPTIONS /api/user/login HTTP/1.1" 200 13 "-" "Mozilla/5.0 (Macintosh; Intel Mac OS X 10_13_2) AppleWebKit/537.36 (KHTML, like Gecko) Chrome/63.0.3239.84 Safari/537.36"
::1 - - [Fri, 15 Dec 2017 16:18:53 GMT] "POST /api/user/login HTTP/1.1" 200 - "http://localhost:8089/" "Mozilla/5.0 (Macintosh; Intel Mac OS X 10_13_2) AppleWebKit/537.36 (KHTML, like Gecko) Chrome/63.0.3239.84 Safari/537.36"
::1 - - [Fri, 15 Dec 2017 16:19:47 GMT] "OPTIONS /api/user/login HTTP/1.1" 200 13 "-" "Mozilla/5.0 (Macintosh; Intel Mac OS X 10_13_2) AppleWebKit/537.36 (KHTML, like Gecko) Chrome/63.0.3239.84 Safari/537.36"
::1 - - [Fri, 15 Dec 2017 16:19:56 GMT] "POST /api/user/login HTTP/1.1" 200 - "http://localhost:8089/" "Mozilla/5.0 (Macintosh; Intel Mac OS X 10_13_2) AppleWebKit/537.36 (KHTML, like Gecko) Chrome/63.0.3239.84 Safari/537.36"
::1 - - [Fri, 15 Dec 2017 16:20:44 GMT] "OPTIONS /api/user/login HTTP/1.1" 200 13 "-" "Mozilla/5.0 (Macintosh; Intel Mac OS X 10_13_2) AppleWebKit/537.36 (KHTML, like Gecko) Chrome/63.0.3239.84 Safari/537.36"
::1 - - [Fri, 15 Dec 2017 16:20:44 GMT] "POST /api/user/login HTTP/1.1" 200 - "http://localhost:8089/" "Mozilla/5.0 (Macintosh; Intel Mac OS X 10_13_2) AppleWebKit/537.36 (KHTML, like Gecko) Chrome/63.0.3239.84 Safari/537.36"
::1 - - [Sat, 16 Dec 2017 01:17:28 GMT] "OPTIONS /api/user/login HTTP/1.1" 200 13 "-" "Mozilla/5.0 (Macintosh; Intel Mac OS X 10_13_2) AppleWebKit/537.36 (KHTML, like Gecko) Chrome/63.0.3239.84 Safari/537.36"
::1 - - [Sat, 16 Dec 2017 01:17:29 GMT] "POST /api/user/login HTTP/1.1" 200 - "http://localhost:8089/" "Mozilla/5.0 (Macintosh; Intel Mac OS X 10_13_2) AppleWebKit/537.36 (KHTML, like Gecko) Chrome/63.0.3239.84 Safari/537.36"
